<?xml version="1.0" encoding="UTF-8"?>
<!-- Generated by org.testng.reporters.JUnitXMLReporter -->
<testsuite hostname="Home" ignored="0" name="AccountCreateTestAmazon" tests="1" failures="1" timestamp="18 Oct 2017 01:30:27 GMT" time="0.007" errors="0">
  <testcase name="creatAcc" time="0.002" classname="tests.AmazonCreateAccounTest">
    <failure type="java.lang.NullPointerException">
      <![CDATA[java.lang.NullPointerException
	at tests.AmazonCreateAccounTest.creatAcc(AmazonCreateAccounTest.java:21)
... Removed 25 stack frames]]>
    </failure>
  </testcase> <!-- creatAcc -->
</testsuite> <!-- AccountCreateTestAmazon -->
