<?xml version="1.0" encoding="UTF-8"?>
<!-- Generated by org.testng.reporters.JUnitXMLReporter -->
<testsuite hostname="Home" ignored="0" name="SearchTest" tests="1" failures="1" timestamp="24 Oct 2017 20:09:08 GMT" time="0.005" errors="0">
  <testcase name="searchItem" time="0.001" classname="tests.SearchFunctionTest">
    <failure type="java.lang.NullPointerException">
      <![CDATA[java.lang.NullPointerException
	at tests.SearchFunctionTest.searchItem(SearchFunctionTest.java:12)
... Removed 25 stack frames]]>
    </failure>
  </testcase> <!-- searchItem -->
</testsuite> <!-- SearchTest -->
