<?xml version="1.0" encoding="UTF-8"?>
<testng-results skipped="0" failed="0" ignored="0" total="3" passed="3">
  <reporter-output>
  </reporter-output>
  <suite name="DemoSuite" duration-ms="35238" started-at="2017-10-25T00:08:41Z" finished-at="2017-10-25T00:09:17Z">
    <groups>
    </groups>
    <test name="AccountCreateTest" duration-ms="27722" started-at="2017-10-25T00:08:41Z" finished-at="2017-10-25T00:09:09Z">
      <class name="tests.AmazonCreateAccounTest">
        <test-method status="PASS" signature="validateHomePage()[pri:1, instance:tests.AmazonCreateAccounTest@2b98378d]" name="validateHomePage" duration-ms="70" started-at="2017-10-24T20:08:41Z" finished-at="2017-10-24T20:08:42Z">
          <reporter-output>
          </reporter-output>
        </test-method> <!-- validateHomePage -->
        <test-method status="PASS" signature="creatAcc()[pri:2, instance:tests.AmazonCreateAccounTest@2b98378d]" name="creatAcc" duration-ms="27595" started-at="2017-10-24T20:08:42Z" finished-at="2017-10-24T20:09:09Z">
          <reporter-output>
          </reporter-output>
        </test-method> <!-- creatAcc -->
      </class> <!-- tests.AmazonCreateAccounTest -->
    </test> <!-- AccountCreateTest -->
    <test name="Account" duration-ms="7448" started-at="2017-10-25T00:09:09Z" finished-at="2017-10-25T00:09:17Z">
      <class name="tests.SearchFunctionTest">
        <test-method status="PASS" signature="setUpBrowser()[pri:0, instance:tests.SearchFunctionTest@91161c7]" name="setUpBrowser" duration-ms="7444" started-at="2017-10-24T20:09:09Z" finished-at="2017-10-24T20:09:17Z">
          <reporter-output>
          </reporter-output>
        </test-method> <!-- setUpBrowser -->
      </class> <!-- tests.SearchFunctionTest -->
      <class name="tests.AmazonCreateAccounTest">
        <test-method status="PASS" signature="setUpBrowser()[pri:0, instance:tests.AmazonCreateAccounTest@2b98378d]" name="setUpBrowser" is-config="true" duration-ms="89649" started-at="2017-10-24T20:07:12Z" finished-at="2017-10-24T20:08:41Z">
          <reporter-output>
          </reporter-output>
        </test-method> <!-- setUpBrowser -->
      </class> <!-- tests.AmazonCreateAccounTest -->
    </test> <!-- Account -->
  </suite> <!-- DemoSuite -->
</testng-results>
